<?xml version="1.0" encoding="UTF-8"?>
<testsuite xmlns:xsi="http://www.w3.org/2001/XMLSchema-instance" xsi:noNamespaceSchemaLocation="https://maven.apache.org/surefire/maven-surefire-plugin/xsd/surefire-test-report-3.0.xsd" version="3.0" name="com.comp3607.GameTest" time="0.057" tests="6" errors="0" skipped="0" failures="0">
  <properties>
[...]
</properties>
  <testcase name="testEndGame" classname="com.comp3607.GameTest" time="0.028"/>
  <testcase name="testLoadQuestionsCSV" classname="com.comp3607.GameTest" time="0.012"/>
  <testcase name="testStartGame" classname="com.comp3607.GameTest" time="0.001"/>
  <testcase name="testGetCurrentPlayer" classname="com.comp3607.GameTest" time="0.003"/>
  <testcase name="testPlayerScoreUpdate" classname="com.comp3607.GameTest" time="0.001"/>
  <testcase name="testAddPlayers" classname="com.comp3607.GameTest" time="0.002"/>
</testsuite>