<?xml version="1.0" encoding="UTF-8"?>
<testsuite xmlns:xsi="http://www.w3.org/2001/XMLSchema-instance" xsi:noNamespaceSchemaLocation="https://maven.apache.org/surefire/maven-surefire-plugin/xsd/surefire-test-report-3.0.xsd" version="3.0" name="com.comp3607.ProcessLogTest" time="0.017" tests="4" errors="0" skipped="0" failures="0">
  <properties>
[...]
</properties>
  <testcase name="testLogSimpleEvent" classname="com.comp3607.ProcessLogTest" time="0.002"/>
  <testcase name="testSingletonInstance" classname="com.comp3607.ProcessLogTest" time="0.001"/>
  <testcase name="testGenerateCSVLog" classname="com.comp3607.ProcessLogTest" time="0.012">
    <system-err><![CDATA[Nov 21, 2025 8:01:53 PM com.comp3607.ProcessLog generateCSVLog
INFO: Process mining log generated successfully: src/main/resources/reports/game_event_log.csv
Nov 21, 2025 8:01:53 PM com.comp3607.ProcessLog generateCSVLog
INFO: Total events logged: 1
]]></system-err>
  </testcase>
  <testcase name="testLogFullEvent" classname="com.comp3607.ProcessLogTest" time="0.0"/>
</testsuite>